[32mINFO    [0m AutomationLogger:test_login.py:85 ********** Testing SQL Injection Prevention **********
[32mINFO    [0m AutomationLogger:LoginPage.py:42 Performing login operation.
[32mINFO    [0m AutomationLogger:LoginPage.py:18 Entering username: ' OR '1'='1
[1m[31mERROR   [0m AutomationLogger:test_login.py:103 Test sql_injection FAILED. Screenshot saved to: /Users/vivekkumar/screenshots/test_sql_injection_failed_20250506-170446.png
[1m[31mERROR   [0m AutomationLogger:test_login.py:104 Exception: Message: 
Stacktrace:
0   chromedriver                        0x0000000100fa2a54 cxxbridge1$str$ptr + 2803960
1   chromedriver                        0x0000000100f9acf0 cxxbridge1$str$ptr + 2771860
2   chromedriver                        0x0000000100ae6864 cxxbridge1$string$len + 93028
3   chromedriver                        0x0000000100b2d410 cxxbridge1$string$len + 382736
4   chromedriver                        0x0000000100b6e480 cxxbridge1$string$len + 649088
5   chromedriver                        0x0000000100b217ec cxxbridge1$string$len + 334572
6   chromedriver                        0x0000000100f67ccc cxxbridge1$str$ptr + 2562928
7   chromedriver                        0x0000000100f6af98 cxxbridge1$str$ptr + 2575932
8   chromedriver                        0x0000000100f482c4 cxxbridge1$str$ptr + 2433384
9   chromedriver                        0x0000000100f6b810 cxxbridge1$str$ptr + 2578100
10  chromedriver                        0x0000000100f392f0 cxxbridge1$str$ptr + 2371988
11  chromedriver                        0x0000000100f8b57c cxxbridge1$str$ptr + 2708512
12  chromedriver                        0x0000000100f8b708 cxxbridge1$str$ptr + 2708908
13  chromedriver                        0x0000000100f9a93c cxxbridge1$str$ptr + 2770912
14  libsystem_pthread.dylib             0x0000000190d59c0c _pthread_start + 136
15  libsystem_pthread.dylib             0x0000000190d54b80 thread_start + 8